<?xml version="1.0" encoding="UTF-8"?>
<!-- Generated by org.testng.reporters.JUnitReportReporter -->
<testsuite skipped="0" hostname="MacBook-Pro-6.local" name="com.test.api.test1" tests="3" failures="0" timestamp="25 二月 2021 06:39:39 GMT" time="126.018" errors="0">
  <testcase name="GetParam" time="40.322" classname="com.test.api.test1"/>
  <testcase name="postRecommendAlbums" time="46.973" classname="com.test.api.test1"/>
  <testcase name="getMembershipActive" time="38.723" classname="com.test.api.test1"/>
</testsuite> <!-- com.test.api.test1 -->
