<?xml version="1.0" encoding="UTF-8"?>
<!-- Generated by org.testng.reporters.JUnitReportReporter -->
<testsuite skipped="0" hostname="MacBook-Pro-6.local" name="test.sample.DataProviderTest" tests="1" failures="0" timestamp="25 二月 2021 06:39:44 GMT" time="10.003" errors="0">
  <testcase name="testAdd1" time="10.003" classname="test.sample.DataProviderTest"/>
</testsuite> <!-- test.sample.DataProviderTest -->
