<?xml version="1.0" encoding="UTF-8"?>
<!-- Generated by org.testng.reporters.JUnitReportReporter -->
<testsuite skipped="0" hostname="MacBook-Pro-6.local" name="com.test.api.test2" tests="2" failures="0" timestamp="25 二月 2021 06:39:50 GMT" time="80.143" errors="0">
  <testcase name="testCase1" time="50.062" classname="com.test.api.test2"/>
  <testcase name="testCase2" time="30.081" classname="com.test.api.test2"/>
</testsuite> <!-- com.test.api.test2 -->
