<?xml version="1.0" encoding="UTF-8"?>
<!-- Generated by org.testng.reporters.JUnitReportReporter -->
<testsuite skipped="0" hostname="MacBook-Pro-6.local" name="test.sample.TagTest" tests="3" failures="0" timestamp="25 二月 2021 06:40:00 GMT" time="40.037" errors="0">
  <testcase name="testCase2" time="20.018" classname="test.sample.TagTest"/>
  <testcase name="testCase3" time="15.013" classname="test.sample.TagTest"/>
  <testcase name="testCase1" time="5.006" classname="test.sample.TagTest"/>
</testsuite> <!-- test.sample.TagTest -->
