<?xml version="1.0" encoding="UTF-8"?>
<!-- Generated by org.testng.reporters.JUnitReportReporter -->
<testsuite skipped="0" hostname="MacBook-Pro-6.local" name="com.himalaya.api.hipointsweb.Membership" tests="3" failures="0" timestamp="01 七月 2021 09:55:21 GMT" time="16.659" errors="0">
  <testcase name="getMembershipUnactive" time="5.534" classname="com.himalaya.api.hipointsweb.Membership"/>
  <testcase name="getMembershipActiveDay" time="5.552" classname="com.himalaya.api.hipointsweb.Membership"/>
  <testcase name="getMembershipActive" time="5.573" classname="com.himalaya.api.hipointsweb.Membership"/>
</testsuite> <!-- com.himalaya.api.hipointsweb.Membership -->
