<?xml version="1.0" encoding="UTF-8"?>
<!-- Generated by org.testng.reporters.JUnitReportReporter -->
<testsuite skipped="0" hostname="MacBook-Pro-6.local" name="com.himalaya.api.subscribe.Subscribe" tests="1" failures="0" timestamp="01 七月 2021 09:55:21 GMT" time="5.553" errors="0">
  <testcase name="querySubscribe" time="5.553" classname="com.himalaya.api.subscribe.Subscribe"/>
</testsuite> <!-- com.himalaya.api.subscribe.Subscribe -->
