<?xml version="1.0" encoding="UTF-8"?>
<!-- Generated by org.testng.reporters.JUnitReportReporter -->
<testsuite skipped="0" hostname="MacBook-Pro-6.local" name="com.himalaya.api.userguide.Onboarding" tests="1" failures="0" timestamp="01 七月 2021 09:55:21 GMT" time="5.579" errors="0">
  <testcase name="postRecommendAlbums" time="5.579" classname="com.himalaya.api.userguide.Onboarding"/>
</testsuite> <!-- com.himalaya.api.userguide.Onboarding -->
